0 verbose cli /Users/xpy/.nvm/versions/node/v24.12.0/bin/node /Users/xpy/.nvm/versions/node/v24.12.0/bin/npm
1 info using npm@11.6.2
2 info using node@v24.12.0
3 silly config load:file:/Users/xpy/.nvm/versions/node/v24.12.0/lib/node_modules/npm/npmrc
4 silly config load:file:/Users/xpy/Coding/biocloudhub/blogs/.npmrc
5 silly config load:file:/Users/xpy/.npmrc
6 warn Unknown user config "python". This will stop working in the next major version of npm.
7 silly config load:file:/Users/xpy/.nvm/versions/node/v24.12.0/etc/npmrc
8 verbose title npm run docs:build
9 verbose argv "run" "docs:build"
10 verbose logfile logs-max:10 dir:/Users/xpy/Coding/biocloudhub/blogs/.npm-cache/_logs/2026-03-09T03_24_40_085Z-
11 verbose logfile /Users/xpy/Coding/biocloudhub/blogs/.npm-cache/_logs/2026-03-09T03_24_40_085Z-debug-0.log
12 silly logfile start cleaning logs, removing 1 files
13 silly logfile done cleaning log files
14 verbose cwd /Users/xpy/Coding/biocloudhub/blogs
15 verbose os Darwin 25.4.0
16 verbose node v24.12.0
17 verbose npm  v11.6.2
18 verbose exit 0
19 info ok
