0 verbose cli /Users/xpy/.nvm/versions/node/v24.12.0/bin/node /Users/xpy/.nvm/versions/node/v24.12.0/lib/node_modules/npm/bin/npm-cli.js
1 info using npm@11.6.2
2 info using node@v24.12.0
3 silly config load:file:/Users/xpy/.nvm/versions/node/v24.12.0/lib/node_modules/npm/npmrc
4 silly config load:file:/Users/xpy/Coding/biocloudhub/blogs/.npmrc
5 silly config load:file:/Users/xpy/.npmrc
6 warn Unknown user config "python". This will stop working in the next major version of npm.
7 silly config load:file:/Users/xpy/.nvm/versions/node/v24.12.0/etc/npmrc
8 verbose title npm exec playwright-cli eval () => { const active = document.querySelector('.bc-search-hit-card.active'); if (!active) return { ok: false }; const findScroller = (el) => { let node = el.parentElement; while (node) { const style = getComputedStyle(node); if (/(auto|scroll)/.test(style.overflowY) && node.scrollHeight > node.clientHeight + 1) return node; node = node.parentElement; } return null; }; const scroller = findScroller(active); document.querySelector('.bc-search-hit-scrollmark')?.dispatchEvent(new MouseEvent('click', { bubbles: true })); return new Promise((resolve) => setTimeout(() => { const rect = active.getBoundingClientRect(); const srect = scroller?.getBoundingClientRect(); resolve({ after: scroller ? { scrollTop: scroller.scrollTop } : null, activeRect: { top: rect.top, bottom: rect.bottom }, scrollerRect: srect ? { top: srect.top, bottom: srect.bottom } : null, activeVisibleInScroller: srect ? rect.top >= srect.top && rect.bottom <= srect.bottom : null }); }, 2200)); }
9 verbose argv "exec" "--yes" "--package" "@playwright/cli" "--" "playwright-cli" "eval" "() => { const active = document.querySelector('.bc-search-hit-card.active'); if (!active) return { ok: false }; const findScroller = (el) => { let node = el.parentElement; while (node) { const style = getComputedStyle(node); if (/(auto|scroll)/.test(style.overflowY) && node.scrollHeight > node.clientHeight + 1) return node; node = node.parentElement; } return null; }; const scroller = findScroller(active); document.querySelector('.bc-search-hit-scrollmark')?.dispatchEvent(new MouseEvent('click', { bubbles: true })); return new Promise((resolve) => setTimeout(() => { const rect = active.getBoundingClientRect(); const srect = scroller?.getBoundingClientRect(); resolve({ after: scroller ? { scrollTop: scroller.scrollTop } : null, activeRect: { top: rect.top, bottom: rect.bottom }, scrollerRect: srect ? { top: srect.top, bottom: srect.bottom } : null, activeVisibleInScroller: srect ? rect.top >= srect.top && rect.bottom <= srect.bottom : null }); }, 2200)); }"
10 verbose logfile logs-max:10 dir:/Users/xpy/Coding/biocloudhub/blogs/.npm-cache/_logs/2026-03-07T13_29_22_526Z-
11 verbose logfile /Users/xpy/Coding/biocloudhub/blogs/.npm-cache/_logs/2026-03-07T13_29_22_526Z-debug-0.log
12 silly logfile start cleaning logs, removing 1 files
13 silly logfile done cleaning log files
14 silly packumentCache heap:2348810240 maxSize:587202560 maxEntrySize:293601280
15 verbose shrinkwrap failed to load node_modules/.package-lock.json out of date, updated: node_modules
16 http fetch GET 200 https://registry.npmjs.org/@playwright%2fcli 779ms (cache revalidated)
17 silly packumentCache heap:2348810240 maxSize:587202560 maxEntrySize:293601280
18 verbose cwd /Users/xpy/Coding/biocloudhub/blogs
19 verbose os Darwin 25.4.0
20 verbose node v24.12.0
21 verbose npm  v11.6.2
22 verbose exit 0
23 info ok
