0 verbose cli /Users/xpy/.nvm/versions/node/v22.14.0/bin/node /Users/xpy/.nvm/versions/node/v22.14.0/bin/npm
1 info using npm@10.9.2
2 info using node@v22.14.0
3 silly config load:file:/Users/xpy/.nvm/versions/node/v22.14.0/lib/node_modules/npm/npmrc
4 silly config load:file:/Users/xpy/Coding/biocloudhub/blogs/.npmrc
5 silly config load:file:/Users/xpy/.npmrc
6 silly config load:file:/Users/xpy/.nvm/versions/node/v22.14.0/etc/npmrc
7 verbose title npm view openclaw@latest version
8 verbose argv "view" "openclaw@latest" "version"
9 verbose logfile logs-max:10 dir:/Users/xpy/Coding/biocloudhub/blogs/.npm-cache/_logs/2026-02-05T03_11_35_955Z-
10 verbose logfile /Users/xpy/Coding/biocloudhub/blogs/.npm-cache/_logs/2026-02-05T03_11_35_955Z-debug-0.log
11 silly logfile start cleaning logs, removing 1 files
12 silly logfile done cleaning log files
13 http fetch GET 200 https://registry.npmjs.org/openclaw 826ms (cache miss)
14 verbose cwd /Users/xpy/Coding/biocloudhub/blogs
15 verbose os Darwin 25.3.0
16 verbose node v22.14.0
17 verbose npm  v10.9.2
18 verbose exit 0
19 info ok
